Task 2 of 10.
('s4f5', 'svals__individual_layer__gammas40') 3 20 2
Computing mats...
Done with mats.
Computing Svals...
Task 3 of 10.
('s4f3', 'svals__individual_layer__gammas40') 3 20 3
Computing mats...
Done with mats.
Computing Svals...
Task 5 of 10.
('s4f3', 'svals__individual_layer__gammas40') 3 20 5
Computing mats...
Done with mats.
Computing Svals...
Task 4 of 10.
('s4f3', 'svals__individual_layer__gammas40') 3 20 4
Computing mats...
Done with mats.
Computing Svals...
Task 1 of 10.
('s4f3', 'svals__individual_layer__gammas40') 3 20 1
Computing mats...
Done with mats.
Computing Svals...
Task 2 of 10.
('s4f5', 'svals__individual_layer__gammas40') 3 20 2
Computing mats...
Done with mats.
Computing Svals...
Task 5 of 10.
('s4f3', 'svals__individual_layer__gammas40') 3 20 5
Computing mats...
Done with mats.
Computing Svals...
Task 4 of 10.
('s4f3', 'svals__individual_layer__gammas40') 3 20 4
Computing mats...
Done with mats.
Computing Svals...
Task 3 of 10.
('s4f3', 'svals__individual_layer__gammas40') 3 20 3
Computing mats...
Done with mats.
Computing Svals...
Task 1 of 10.
('s4f3', 'svals__individual_layer__gammas40') 3 20 1
Computing mats...
Done with mats.
Computing Svals...
Saving vals under key: ('s4f5', 'svals__individual_layer__gammas40')
Done with Svals.
Saving vals under key: ('s4f3', 'svals__individual_layer__gammas40')
Done with Svals.
Saving vals under key: ('s4f3', 'svals__individual_layer__gammas40')
Done with Svals.
Saving vals under key: ('s4f3', 'svals__individual_layer__gammas40')
Done with Svals.
Saving vals under key: ('s4f3', 'svals__individual_layer__gammas40')
Done with Svals.
